2023-02-10 15:31:50,337 [Worker-0: Loading available Gradle versions] INFO  o.e.b.c.i.u.g.PublishedGradleVersions - Gradle version information cache is up-to-date. Trying to read.
2023-02-10 15:32:11,904 [Worker-5: Building] INFO  o.e.m.c.i.l.LifecycleMappingFactory - Using org.eclipse.m2e.jdt.JarLifecycleMapping lifecycle mapping for MavenProject: com.example:Chapter01:0.0.1-SNAPSHOT @ /Users/jojanghyeon/java/springBoot/workspace/SpringBoot/Chapter01/pom.xml.
2023-02-10 15:32:11,992 [Worker-5: Building] WARN  o.e.m.c.i.embedder.EclipseLogger - The POM for com.example:Chapter02_Oracle:jar:0.0.1-SNAPSHOT is missing, no dependency information available
2023-02-10 15:32:12,240 [Worker-5: Building] INFO  o.a.m.s.f.DefaultMavenResourcesFiltering - Copying 1 resource
2023-02-10 15:32:12,258 [Worker-5: Building] INFO  o.a.m.s.f.DefaultMavenResourcesFiltering - Copying 0 resource
2023-02-10 15:32:12,260 [Worker-5: Building] INFO  o.a.m.s.f.DefaultMavenResourcesFiltering - skip non existing resourceDirectory /Users/jojanghyeon/java/springBoot/workspace/SpringBoot/Chapter01/src/test/resources
2023-02-10 15:32:12,672 [Worker-5: Building] INFO  o.e.m.c.i.l.LifecycleMappingFactory - Using org.eclipse.m2e.jdt.JarLifecycleMapping lifecycle mapping for MavenProject: com.example:Chapter02_Oracle:0.0.1-SNAPSHOT @ /Users/jojanghyeon/java/springBoot/workspace/SpringBoot/Chapter02_Oracle/pom.xml.
2023-02-10 15:32:12,879 [Worker-5: Building] INFO  o.e.m.c.i.l.LifecycleMappingFactory - Using org.eclipse.m2e.jdt.JarLifecycleMapping lifecycle mapping for MavenProject: com.example:Chapter01:0.0.1-SNAPSHOT @ /Users/jojanghyeon/java/springBoot/workspace/SpringBoot/Chapter01/pom.xml.
2023-02-10 15:32:12,895 [Worker-5: Building] INFO  o.e.m.c.i.p.WorkspaceClassifierResolverManager - Resolving P/Chapter02_Oracle: com.example:Chapter02_Oracle:0.0.1-SNAPSHOT with classifier  to /Chapter02_Oracle/target/classes
2023-02-10 15:32:13,050 [Worker-5: Building] INFO  o.a.m.s.f.DefaultMavenResourcesFiltering - Copying 1 resource
2023-02-10 15:32:13,072 [Worker-5: Building] INFO  o.a.m.s.f.DefaultMavenResourcesFiltering - Copying 10 resources
2023-02-10 15:32:13,077 [Worker-5: Building] INFO  o.a.m.s.f.DefaultMavenResourcesFiltering - skip non existing resourceDirectory /Users/jojanghyeon/java/springBoot/workspace/SpringBoot/Chapter02_Oracle/src/test/resources
2023-02-10 15:32:13,219 [Worker-3: Download sources and javadoc] ERROR o.e.m.j.internal.DownloadSourcesJob - Could not download sources for com.example:Chapter02_Oracle:0.0.1-SNAPSHOT
org.eclipse.core.runtime.CoreException: Could not resolve artifact com.example:Chapter02_Oracle:jar:sources:0.0.1-SNAPSHOT
	at org.eclipse.m2e.core.internal.embedder.MavenImpl.lambda$6(MavenImpl.java:587)
	at org.eclipse.m2e.core.internal.embedder.MavenExecutionContext.executeBare(MavenExecutionContext.java:364)
	at org.eclipse.m2e.core.internal.embedder.MavenExecutionContext.execute(MavenExecutionContext.java:227)
	at org.eclipse.m2e.core.internal.embedder.MavenExecutionContext.execute(MavenExecutionContext.java:213)
	at org.eclipse.m2e.core.internal.embedder.MavenImpl.resolve(MavenImpl.java:556)
	at org.eclipse.m2e.core.internal.embedder.MavenImpl.resolve(MavenImpl.java:541)
	at org.eclipse.m2e.jdt.internal.DownloadSourcesJob.download(DownloadSourcesJob.java:308)
	at org.eclipse.m2e.jdt.internal.DownloadSourcesJob.downloadAttachments(DownloadSourcesJob.java:282)
	at org.eclipse.m2e.jdt.internal.DownloadSourcesJob.downloadMaven(DownloadSourcesJob.java:252)
	at org.eclipse.m2e.jdt.internal.DownloadSourcesJob.downloadFilesAndPopulateToUpdate(DownloadSourcesJob.java:220)
	at org.eclipse.m2e.jdt.internal.DownloadSourcesJob.lambda$0(DownloadSourcesJob.java:149)
	at org.eclipse.m2e.core.internal.embedder.MavenExecutionContext.executeBare(MavenExecutionContext.java:364)
	at org.eclipse.m2e.core.internal.embedder.MavenExecutionContext.execute(MavenExecutionContext.java:274)
	at org.eclipse.m2e.core.internal.embedder.MavenExecutionContext.execute(MavenExecutionContext.java:213)
	at org.eclipse.m2e.core.embedder.IMaven.execute(IMaven.java:294)
	at org.eclipse.m2e.jdt.internal.DownloadSourcesJob.run(DownloadSourcesJob.java:149)
	at org.eclipse.core.internal.jobs.Worker.run(Worker.java:63)
2023-02-10 15:32:13,281 [Worker-5: Building] INFO  o.e.m.c.i.l.LifecycleMappingFactory - Using org.eclipse.m2e.jdt.JarLifecycleMapping lifecycle mapping for MavenProject: com.example:Chapter03_MySQL:0.0.1-SNAPSHOT @ /Users/jojanghyeon/java/springBoot/workspace/SpringBoot/Chapter03_MySQL/pom.xml.
2023-02-10 15:32:13,424 [Worker-5: Building] INFO  o.a.m.s.f.DefaultMavenResourcesFiltering - Copying 1 resource
2023-02-10 15:32:13,435 [Worker-5: Building] INFO  o.a.m.s.f.DefaultMavenResourcesFiltering - Copying 10 resources
2023-02-10 15:32:13,444 [Worker-5: Building] INFO  o.a.m.s.f.DefaultMavenResourcesFiltering - skip non existing resourceDirectory /Users/jojanghyeon/java/springBoot/workspace/SpringBoot/Chapter03_MySQL/src/test/resources
2023-02-10 15:32:13,624 [Worker-5: Building] INFO  o.e.m.c.i.l.LifecycleMappingFactory - Using org.eclipse.m2e.jdt.JarLifecycleMapping lifecycle mapping for MavenProject: com.example:Chapter04_MySQL_YML:0.0.1-SNAPSHOT @ /Users/jojanghyeon/java/springBoot/workspace/SpringBoot/Chapter04_MySQL_YML/pom.xml.
2023-02-10 15:32:13,772 [Worker-5: Building] INFO  o.a.m.s.f.DefaultMavenResourcesFiltering - Copying 1 resource
2023-02-10 15:32:13,783 [Worker-5: Building] INFO  o.a.m.s.f.DefaultMavenResourcesFiltering - Copying 10 resources
2023-02-10 15:32:13,791 [Worker-5: Building] INFO  o.a.m.s.f.DefaultMavenResourcesFiltering - skip non existing resourceDirectory /Users/jojanghyeon/java/springBoot/workspace/SpringBoot/Chapter04_MySQL_YML/src/test/resources
2023-02-10 15:32:14,044 [Worker-5: Building] INFO  o.e.m.c.i.l.LifecycleMappingFactory - Using org.eclipse.m2e.jdt.JarLifecycleMapping lifecycle mapping for MavenProject: com.example:Chapter05_JPA:0.0.1-SNAPSHOT @ /Users/jojanghyeon/java/springBoot/workspace/SpringBoot/Chapter05_JPA/pom.xml.
2023-02-10 15:32:14,206 [Worker-5: Building] INFO  o.a.m.s.f.DefaultMavenResourcesFiltering - Copying 1 resource
2023-02-10 15:32:14,214 [Worker-5: Building] INFO  o.a.m.s.f.DefaultMavenResourcesFiltering - Copying 0 resource
2023-02-10 15:32:14,217 [Worker-5: Building] INFO  o.a.m.s.f.DefaultMavenResourcesFiltering - skip non existing resourceDirectory /Users/jojanghyeon/java/springBoot/workspace/SpringBoot/Chapter05_JPA/src/test/resources
2023-02-10 15:32:14,524 [Worker-5: Building] INFO  o.e.m.c.i.l.LifecycleMappingFactory - Using org.eclipse.m2e.jdt.JarLifecycleMapping lifecycle mapping for MavenProject: com.example:Chapter06_JPA:0.0.1-SNAPSHOT @ /Users/jojanghyeon/java/springBoot/workspace/SpringBoot/Chapter06_JPA/pom.xml.
2023-02-10 15:32:14,766 [Worker-5: Building] INFO  o.a.m.s.f.DefaultMavenResourcesFiltering - Copying 1 resource
2023-02-10 15:32:14,779 [Worker-5: Building] INFO  o.a.m.s.f.DefaultMavenResourcesFiltering - Copying 8 resources
2023-02-10 15:32:14,783 [Worker-5: Building] INFO  o.a.m.s.f.DefaultMavenResourcesFiltering - skip non existing resourceDirectory /Users/jojanghyeon/java/springBoot/workspace/SpringBoot/Chapter06_JPA/src/test/resources
2023-02-10 15:32:15,525 [Worker-5: Building] INFO  o.e.m.c.i.l.LifecycleMappingFactory - Using org.eclipse.m2e.jdt.JarLifecycleMapping lifecycle mapping for MavenProject: com.example:Chapter07_JPA_React:0.0.1-SNAPSHOT @ /Users/jojanghyeon/java/springBoot/workspace/SpringBoot/Chapter07_JPA_React/pom.xml.
2023-02-10 15:32:15,889 [Worker-5: Building] INFO  o.a.m.s.f.DefaultMavenResourcesFiltering - Copying 1 resource
2023-02-10 15:32:15,906 [Worker-5: Building] INFO  o.a.m.s.f.DefaultMavenResourcesFiltering - Copying 0 resource
2023-02-10 15:32:15,908 [Worker-5: Building] INFO  o.a.m.s.f.DefaultMavenResourcesFiltering - skip non existing resourceDirectory /Users/jojanghyeon/java/springBoot/workspace/SpringBoot/Chapter07_JPA_React/src/test/resources
2023-02-10 15:32:16,158 [Worker-5: Building] INFO  o.e.m.c.i.l.LifecycleMappingFactory - Using org.eclipse.m2e.jdt.JarLifecycleMapping lifecycle mapping for MavenProject: com.example:HelloTest:0.0.1-SNAPSHOT @ /Users/jojanghyeon/java/springBoot/workspace/SpringBoot/HelloTest/pom.xml.
2023-02-10 15:32:16,279 [Worker-5: Building] INFO  o.a.m.s.f.DefaultMavenResourcesFiltering - Copying 1 resource
2023-02-10 15:32:16,295 [Worker-5: Building] INFO  o.a.m.s.f.DefaultMavenResourcesFiltering - Copying 0 resource
2023-02-10 15:32:16,297 [Worker-5: Building] INFO  o.a.m.s.f.DefaultMavenResourcesFiltering - skip non existing resourceDirectory /Users/jojanghyeon/java/springBoot/workspace/SpringBoot/HelloTest/src/test/resources
2023-02-10 15:32:17,490 [Worker-10: Building] INFO  o.a.m.s.f.DefaultMavenResourcesFiltering - Copying 1 resource
2023-02-10 15:32:17,491 [Worker-10: Building] INFO  o.a.m.s.f.DefaultMavenResourcesFiltering - Copying 0 resource
2023-02-10 15:32:17,493 [Worker-10: Building] INFO  o.a.m.s.f.DefaultMavenResourcesFiltering - skip non existing resourceDirectory /Users/jojanghyeon/java/springBoot/workspace/SpringBoot/Chapter01/src/test/resources
2023-02-10 15:32:17,596 [Worker-10: Building] INFO  o.a.m.s.f.DefaultMavenResourcesFiltering - Copying 1 resource
2023-02-10 15:32:17,597 [Worker-10: Building] INFO  o.a.m.s.f.DefaultMavenResourcesFiltering - Copying 10 resources
2023-02-10 15:32:17,601 [Worker-10: Building] INFO  o.a.m.s.f.DefaultMavenResourcesFiltering - skip non existing resourceDirectory /Users/jojanghyeon/java/springBoot/workspace/SpringBoot/Chapter02_Oracle/src/test/resources
2023-02-10 15:32:17,687 [Worker-10: Building] INFO  o.a.m.s.f.DefaultMavenResourcesFiltering - Copying 1 resource
2023-02-10 15:32:17,688 [Worker-10: Building] INFO  o.a.m.s.f.DefaultMavenResourcesFiltering - Copying 10 resources
2023-02-10 15:32:17,692 [Worker-10: Building] INFO  o.a.m.s.f.DefaultMavenResourcesFiltering - skip non existing resourceDirectory /Users/jojanghyeon/java/springBoot/workspace/SpringBoot/Chapter03_MySQL/src/test/resources
2023-02-10 15:32:17,779 [Worker-10: Building] INFO  o.a.m.s.f.DefaultMavenResourcesFiltering - Copying 1 resource
2023-02-10 15:32:17,782 [Worker-10: Building] INFO  o.a.m.s.f.DefaultMavenResourcesFiltering - Copying 10 resources
2023-02-10 15:32:17,786 [Worker-10: Building] INFO  o.a.m.s.f.DefaultMavenResourcesFiltering - skip non existing resourceDirectory /Users/jojanghyeon/java/springBoot/workspace/SpringBoot/Chapter04_MySQL_YML/src/test/resources
2023-02-10 15:32:17,874 [Worker-10: Building] INFO  o.a.m.s.f.DefaultMavenResourcesFiltering - Copying 1 resource
2023-02-10 15:32:17,875 [Worker-10: Building] INFO  o.a.m.s.f.DefaultMavenResourcesFiltering - Copying 0 resource
2023-02-10 15:32:17,876 [Worker-10: Building] INFO  o.a.m.s.f.DefaultMavenResourcesFiltering - skip non existing resourceDirectory /Users/jojanghyeon/java/springBoot/workspace/SpringBoot/Chapter05_JPA/src/test/resources
2023-02-10 15:32:17,956 [Worker-10: Building] INFO  o.a.m.s.f.DefaultMavenResourcesFiltering - Copying 1 resource
2023-02-10 15:32:17,957 [Worker-10: Building] INFO  o.a.m.s.f.DefaultMavenResourcesFiltering - Copying 8 resources
2023-02-10 15:32:17,960 [Worker-10: Building] INFO  o.a.m.s.f.DefaultMavenResourcesFiltering - skip non existing resourceDirectory /Users/jojanghyeon/java/springBoot/workspace/SpringBoot/Chapter06_JPA/src/test/resources
2023-02-10 15:32:18,084 [Worker-10: Building] INFO  o.a.m.s.f.DefaultMavenResourcesFiltering - Copying 1 resource
2023-02-10 15:32:18,084 [Worker-10: Building] INFO  o.a.m.s.f.DefaultMavenResourcesFiltering - Copying 0 resource
2023-02-10 15:32:18,085 [Worker-10: Building] INFO  o.a.m.s.f.DefaultMavenResourcesFiltering - skip non existing resourceDirectory /Users/jojanghyeon/java/springBoot/workspace/SpringBoot/Chapter07_JPA_React/src/test/resources
2023-02-10 15:32:18,225 [Worker-10: Building] INFO  o.a.m.s.f.DefaultMavenResourcesFiltering - Copying 1 resource
2023-02-10 15:32:18,226 [Worker-10: Building] INFO  o.a.m.s.f.DefaultMavenResourcesFiltering - Copying 0 resource
2023-02-10 15:32:18,227 [Worker-10: Building] INFO  o.a.m.s.f.DefaultMavenResourcesFiltering - skip non existing resourceDirectory /Users/jojanghyeon/java/springBoot/workspace/SpringBoot/HelloTest/src/test/resources
2023-02-10 15:34:03,539 [Worker-4: Launching Chapter01 - Chapter01Application] INFO  o.e.m.c.i.p.WorkspaceClassifierResolverManager - Resolving P/Chapter02_Oracle: com.example:Chapter02_Oracle:0.0.1-SNAPSHOT with classifier null to /Chapter02_Oracle/target/classes
2023-02-10 15:34:03,559 [Worker-4: Launching Chapter01 - Chapter01Application] INFO  o.e.m.c.i.p.WorkspaceClassifierResolverManager - Resolving P/Chapter02_Oracle: com.example:Chapter02_Oracle:0.0.1-SNAPSHOT with classifier null to /Chapter02_Oracle/target/classes
2023-02-10 15:34:03,578 [Worker-4: Launching Chapter01 - Chapter01Application] INFO  o.e.m.c.i.p.WorkspaceClassifierResolverManager - Resolving P/Chapter02_Oracle: com.example:Chapter02_Oracle:0.0.1-SNAPSHOT with classifier null to /Chapter02_Oracle/target/classes
2023-02-10 15:34:25,023 [Worker-13: Launching Chapter01 - Chapter01Application] INFO  o.e.m.c.i.p.WorkspaceClassifierResolverManager - Resolving P/Chapter02_Oracle: com.example:Chapter02_Oracle:0.0.1-SNAPSHOT with classifier null to /Chapter02_Oracle/target/classes
2023-02-10 15:34:25,045 [Worker-13: Launching Chapter01 - Chapter01Application] INFO  o.e.m.c.i.p.WorkspaceClassifierResolverManager - Resolving P/Chapter02_Oracle: com.example:Chapter02_Oracle:0.0.1-SNAPSHOT with classifier null to /Chapter02_Oracle/target/classes
2023-02-10 15:34:25,068 [Worker-13: Launching Chapter01 - Chapter01Application] INFO  o.e.m.c.i.p.WorkspaceClassifierResolverManager - Resolving P/Chapter02_Oracle: com.example:Chapter02_Oracle:0.0.1-SNAPSHOT with classifier null to /Chapter02_Oracle/target/classes
2023-02-10 15:34:32,369 [Worker-9: Building] INFO  o.a.m.s.f.DefaultMavenResourcesFiltering - Copying 0 resource
2023-02-10 15:34:32,369 [Worker-9: Building] INFO  o.a.m.s.f.DefaultMavenResourcesFiltering - Copying 0 resource
2023-02-10 15:34:32,370 [Worker-9: Building] INFO  o.a.m.s.f.DefaultMavenResourcesFiltering - skip non existing resourceDirectory /Users/jojanghyeon/java/springBoot/workspace/SpringBoot/Chapter01/src/test/resources
2023-02-10 15:34:32,380 [Worker-9: Building] INFO  o.a.m.s.f.DefaultMavenResourcesFiltering - Copying 0 resource
2023-02-10 15:34:32,380 [Worker-9: Building] INFO  o.a.m.s.f.DefaultMavenResourcesFiltering - Copying 0 resource
2023-02-10 15:34:32,381 [Worker-9: Building] INFO  o.a.m.s.f.DefaultMavenResourcesFiltering - skip non existing resourceDirectory /Users/jojanghyeon/java/springBoot/workspace/SpringBoot/Chapter02_Oracle/src/test/resources
2023-02-10 15:34:32,386 [Worker-9: Building] INFO  o.a.m.s.f.DefaultMavenResourcesFiltering - Copying 0 resource
2023-02-10 15:34:32,386 [Worker-9: Building] INFO  o.a.m.s.f.DefaultMavenResourcesFiltering - Copying 0 resource
2023-02-10 15:34:32,388 [Worker-9: Building] INFO  o.a.m.s.f.DefaultMavenResourcesFiltering - skip non existing resourceDirectory /Users/jojanghyeon/java/springBoot/workspace/SpringBoot/Chapter03_MySQL/src/test/resources
2023-02-10 15:34:32,396 [Worker-9: Building] INFO  o.a.m.s.f.DefaultMavenResourcesFiltering - Copying 0 resource
2023-02-10 15:34:32,396 [Worker-9: Building] INFO  o.a.m.s.f.DefaultMavenResourcesFiltering - Copying 0 resource
2023-02-10 15:34:32,397 [Worker-9: Building] INFO  o.a.m.s.f.DefaultMavenResourcesFiltering - skip non existing resourceDirectory /Users/jojanghyeon/java/springBoot/workspace/SpringBoot/Chapter04_MySQL_YML/src/test/resources
2023-02-10 15:34:32,404 [Worker-9: Building] INFO  o.a.m.s.f.DefaultMavenResourcesFiltering - Copying 0 resource
2023-02-10 15:34:32,404 [Worker-9: Building] INFO  o.a.m.s.f.DefaultMavenResourcesFiltering - Copying 0 resource
2023-02-10 15:34:32,406 [Worker-9: Building] INFO  o.a.m.s.f.DefaultMavenResourcesFiltering - skip non existing resourceDirectory /Users/jojanghyeon/java/springBoot/workspace/SpringBoot/Chapter05_JPA/src/test/resources
2023-02-10 15:34:32,413 [Worker-9: Building] INFO  o.a.m.s.f.DefaultMavenResourcesFiltering - Copying 0 resource
2023-02-10 15:34:32,414 [Worker-9: Building] INFO  o.a.m.s.f.DefaultMavenResourcesFiltering - Copying 0 resource
2023-02-10 15:34:32,415 [Worker-9: Building] INFO  o.a.m.s.f.DefaultMavenResourcesFiltering - skip non existing resourceDirectory /Users/jojanghyeon/java/springBoot/workspace/SpringBoot/Chapter06_JPA/src/test/resources
2023-02-10 15:34:32,423 [Worker-9: Building] INFO  o.a.m.s.f.DefaultMavenResourcesFiltering - Copying 0 resource
2023-02-10 15:34:32,423 [Worker-9: Building] INFO  o.a.m.s.f.DefaultMavenResourcesFiltering - Copying 0 resource
2023-02-10 15:34:32,424 [Worker-9: Building] INFO  o.a.m.s.f.DefaultMavenResourcesFiltering - skip non existing resourceDirectory /Users/jojanghyeon/java/springBoot/workspace/SpringBoot/Chapter07_JPA_React/src/test/resources
2023-02-10 15:34:32,429 [Worker-9: Building] INFO  o.a.m.s.f.DefaultMavenResourcesFiltering - Copying 0 resource
2023-02-10 15:34:32,429 [Worker-9: Building] INFO  o.a.m.s.f.DefaultMavenResourcesFiltering - Copying 0 resource
2023-02-10 15:34:32,431 [Worker-9: Building] INFO  o.a.m.s.f.DefaultMavenResourcesFiltering - skip non existing resourceDirectory /Users/jojanghyeon/java/springBoot/workspace/SpringBoot/HelloTest/src/test/resources
2023-02-10 15:35:37,848 [Worker-6: Launching Chapter01 - Chapter01Application] INFO  o.e.m.c.i.p.WorkspaceClassifierResolverManager - Resolving P/Chapter02_Oracle: com.example:Chapter02_Oracle:0.0.1-SNAPSHOT with classifier null to /Chapter02_Oracle/target/classes
2023-02-10 15:35:37,868 [Worker-6: Launching Chapter01 - Chapter01Application] INFO  o.e.m.c.i.p.WorkspaceClassifierResolverManager - Resolving P/Chapter02_Oracle: com.example:Chapter02_Oracle:0.0.1-SNAPSHOT with classifier null to /Chapter02_Oracle/target/classes
2023-02-10 15:35:37,886 [Worker-6: Launching Chapter01 - Chapter01Application] INFO  o.e.m.c.i.p.WorkspaceClassifierResolverManager - Resolving P/Chapter02_Oracle: com.example:Chapter02_Oracle:0.0.1-SNAPSHOT with classifier null to /Chapter02_Oracle/target/classes
